Base path: 'C:/Program Files/Unity/Hub/Editor/2019.3.14f1/Editor/Data', plugins path 'C:/Program Files/Unity/Hub/Editor/2019.3.14f1/Editor/Data/PlaybackEngines'
Cmd: initializeCompiler
Cmd: preprocess
  insize=7048 outsize=802 ok=1
Cmd: preprocessCompute
  insize=591 outsize=595 ok=1
Cmd: preprocess
  insize=1431 outsize=281 ok=1
Cmd: preprocess
  insize=2627 outsize=295 ok=1
Cmd: preprocessCompute
  insize=16794 outsize=16804 ok=1
Cmd: preprocess
  insize=10748 outsize=870 ok=1
Cmd: preprocessCompute
  insize=21586 outsize=21596 ok=1
Cmd: preprocessCompute
  insize=7564 outsize=7570 ok=1
Cmd: preprocess
  insize=1559 outsize=496 ok=1
Cmd: preprocessCompute
  insize=847 outsize=848 ok=1
Cmd: preprocess
  insize=2027 outsize=428 ok=1
Cmd: preprocess
  insize=1459 outsize=461 ok=1
Cmd: preprocessCompute
  insize=9605 outsize=9615 ok=1
Cmd: preprocess
  insize=5627 outsize=2667 ok=1
Cmd: preprocess
  insize=56799 outsize=27382 ok=1
Cmd: preprocess
  insize=10594 outsize=338 ok=1
Cmd: preprocessCompute
  insize=3267 outsize=3273 ok=1
Cmd: preprocess
  insize=2976 outsize=342 ok=1
Cmd: preprocess
  insize=4091 outsize=758 ok=1
Cmd: preprocess
  insize=2217 outsize=338 ok=1
Cmd: preprocessCompute
  insize=16419 outsize=16425 ok=1
Cmd: preprocessCompute
  insize=4520 outsize=4528 ok=1
Cmd: preprocessCompute
  insize=9775 outsize=9809 ok=1
Cmd: preprocess
  insize=4788 outsize=817 ok=1
Cmd: preprocess
  insize=3801 outsize=315 ok=1
Cmd: preprocess
  insize=2769 outsize=302 ok=1
Cmd: preprocess
  insize=2501 outsize=489 ok=1
Cmd: preprocess
  insize=6711 outsize=1249 ok=1
Cmd: preprocess
  insize=1764 outsize=380 ok=1
Cmd: preprocess
  insize=2339 outsize=473 ok=1
Cmd: preprocessCompute
  insize=22432 outsize=22438 ok=1
Cmd: preprocess
  insize=7323 outsize=839 ok=1
Cmd: preprocessCompute
  insize=1431 outsize=1435 ok=1
Cmd: preprocess
  insize=5401 outsize=672 ok=1
Cmd: preprocessCompute
  insize=567 outsize=569 ok=1
Cmd: preprocessCompute
  insize=17984 outsize=17994 ok=1
Cmd: preprocess
  insize=7045 outsize=292 ok=1
Cmd: preprocess
  insize=7287 outsize=1245 ok=1
Cmd: preprocessCompute
  insize=4797 outsize=4823 ok=1
Cmd: preprocess
  insize=3615 outsize=874 ok=1
Cmd: preprocessCompute
  insize=5893 outsize=5899 ok=1
Cmd: preprocessCompute
  insize=1366 outsize=1372 ok=1
Cmd: preprocess
  insize=1424 outsize=307 ok=1
Cmd: preprocess
  insize=18513 outsize=2654 ok=1
Cmd: preprocess
  insize=5954 outsize=297 ok=1
Cmd: preprocess
  insize=2425 outsize=655 ok=1
Cmd: preprocessCompute
  insize=648 outsize=650 ok=1
Cmd: preprocess
  insize=2853 outsize=582 ok=1
Cmd: preprocessCompute
  insize=2762 outsize=2770 ok=1
Cmd: preprocess
  insize=830 outsize=318 ok=1
Cmd: preprocess
  insize=32239 outsize=1540 ok=1
Cmd: preprocessCompute
  insize=2611 outsize=2617 ok=1
Cmd: preprocessCompute
  insize=3251 outsize=3255 ok=1
Cmd: preprocessCompute
  insize=1866 outsize=1870 ok=1
Cmd: preprocess
  insize=1916 outsize=415 ok=1
Cmd: preprocessCompute
  insize=1522 outsize=1526 ok=1
Cmd: preprocessCompute
  insize=14119 outsize=14139 ok=1
Cmd: preprocessCompute
  insize=11062 outsize=11086 ok=1
Cmd: preprocessCompute
  insize=257 outsize=259 ok=1
Cmd: preprocessCompute
  insize=5013 outsize=5015 ok=1
Cmd: preprocess
  insize=3168 outsize=1070 ok=1
Cmd: preprocessCompute
  insize=3101 outsize=3111 ok=1
Cmd: preprocessCompute
  insize=862 outsize=868 ok=1
Cmd: preprocessCompute
  insize=40226 outsize=40264 ok=1
Cmd: preprocessCompute
  insize=8501 outsize=8511 ok=1
Cmd: preprocess
  insize=9355 outsize=568 ok=1
Cmd: preprocess
  insize=26888 outsize=11503 ok=1
Cmd: preprocessCompute
  insize=3287 outsize=3291 ok=1
Cmd: preprocessCompute
  insize=2341 outsize=2343 ok=1
Cmd: preprocess
  insize=452 outsize=452 ok=1
Cmd: preprocessCompute
  insize=1054 outsize=1056 ok=1
Cmd: preprocess
  insize=8408 outsize=4019 ok=1
Cmd: preprocess
  insize=3180 outsize=344 ok=1
Cmd: preprocess
  insize=19958 outsize=10316 ok=1
Cmd: preprocessCompute
  insize=3434 outsize=3450 ok=1
Cmd: preprocessCompute
  insize=22277 outsize=22295 ok=1
Cmd: preprocess
  insize=41209 outsize=21438 ok=1
Cmd: preprocessCompute
  insize=11482 outsize=11494 ok=1
Cmd: preprocessCompute
  insize=3714 outsize=3718 ok=1
Cmd: preprocess
  insize=4111 outsize=914 ok=1
Cmd: preprocess
  insize=1229 outsize=336 ok=1
Cmd: preprocess
  insize=2447 outsize=318 ok=1
Cmd: preprocessCompute
  insize=2306 outsize=2307 ok=1
Cmd: preprocessCompute
  insize=3112 outsize=3116 ok=1
Cmd: preprocess
  insize=2776 outsize=1173 ok=1
Cmd: preprocess
  insize=1752 outsize=1119 ok=1
Cmd: preprocess
  insize=3813 outsize=387 ok=1
Cmd: preprocess
  insize=7277 outsize=300 ok=1
Cmd: preprocess
  insize=6814 outsize=496 ok=1
Cmd: preprocess
  insize=1104 outsize=523 ok=1
Cmd: preprocess
  insize=3183 outsize=321 ok=1
Cmd: preprocessCompute
  insize=9196 outsize=9202 ok=1
Cmd: preprocessCompute
  insize=9723 outsize=9735 ok=1
Cmd: preprocess
  insize=7112 outsize=1664 ok=1
Cmd: preprocess
  insize=13381 outsize=2646 ok=1
Cmd: preprocessCompute
  insize=7832 outsize=7840 ok=1
Cmd: preprocess
  insize=2815 outsize=312 ok=1
Cmd: preprocess
  insize=1975 outsize=686 ok=1
Cmd: preprocessCompute
  insize=8221 outsize=8233 ok=1
Cmd: preprocess
  insize=6691 outsize=3531 ok=1
Cmd: preprocess
  insize=11915 outsize=356 ok=1
Cmd: preprocess
  insize=3736 outsize=373 ok=1
Cmd: preprocessCompute
  insize=22321 outsize=22339 ok=1
Cmd: preprocess
  insize=2699 outsize=585 ok=1
Cmd: preprocess
  insize=3759 outsize=647 ok=1
Cmd: preprocess
  insize=1074 outsize=379 ok=1
Cmd: preprocess
  insize=5962 outsize=1841 ok=1
Cmd: preprocessCompute
  insize=6101 outsize=6119 ok=1
Cmd: preprocess
  insize=3328 outsize=383 ok=1
Cmd: preprocess
  insize=1097 outsize=958 ok=1
Cmd: preprocess
  insize=1569 outsize=368 ok=1
Cmd: preprocessCompute
  insize=3089 outsize=3095 ok=1
Cmd: preprocess
  insize=8163 outsize=4630 ok=1
Cmd: preprocess
  insize=7232 outsize=4235 ok=1
Cmd: preprocessCompute
  insize=6703 outsize=6745 ok=1
Cmd: preprocess
  insize=2119 outsize=307 ok=1
Cmd: preprocess
  insize=1370 outsize=371 ok=1
Cmd: preprocess
  insize=15217 outsize=337 ok=1
Cmd: preprocess
  insize=1978 outsize=955 ok=1
Cmd: preprocess
  insize=1518 outsize=1819 ok=1
Cmd: preprocessCompute
  insize=3741 outsize=3745 ok=1
Cmd: preprocessCompute
  insize=10106 outsize=10112 ok=1
Cmd: preprocess
  insize=1789 outsize=273 ok=1
Cmd: preprocess
  insize=2230 outsize=513 ok=1
Cmd: preprocessCompute
  insize=8506 outsize=8512 ok=1
Cmd: preprocess
  insize=8998 outsize=5132 ok=1
Cmd: preprocess
  insize=1683 outsize=1874 ok=1
Cmd: preprocessCompute
  insize=700 outsize=704 ok=1
Cmd: preprocessCompute
  insize=11557 outsize=11559 ok=1
Cmd: preprocess
  insize=4334 outsize=384 ok=1
Cmd: preprocess
  insize=3437 outsize=244 ok=1
Cmd: preprocess
  insize=6713 outsize=282 ok=1
Cmd: preprocess
  insize=12504 outsize=2525 ok=1
Cmd: preprocess
  insize=1933 outsize=300 ok=1
Cmd: preprocessCompute
  insize=1627 outsize=1631 ok=1
Cmd: preprocess
  insize=3657 outsize=401 ok=1
Cmd: preprocess
  insize=1715 outsize=368 ok=1
Cmd: preprocess
  insize=1091 outsize=185 ok=1
Cmd: preprocess
  insize=44969 outsize=26977 ok=1
Cmd: preprocessCompute
  insize=9091 outsize=9103 ok=1
Cmd: preprocess
  insize=2264 outsize=298 ok=1
Cmd: preprocessCompute
  insize=26518 outsize=26542 ok=1
Cmd: preprocessCompute
  insize=16169 outsize=16295 ok=1
Cmd: preprocessCompute
  insize=7684 outsize=7696 ok=1
Cmd: preprocess
  insize=2740 outsize=487 ok=1
Cmd: preprocess
  insize=3064 outsize=412 ok=1
Cmd: preprocess
  insize=5730 outsize=307 ok=1
Cmd: preprocess
  insize=14270 outsize=1632 ok=1
Cmd: preprocess
  insize=12222 outsize=6859 ok=1
Cmd: preprocessCompute
  insize=3689 outsize=3697 ok=1
Cmd: preprocessCompute
  insize=5885 outsize=5893 ok=1
Cmd: preprocessCompute
  insize=3916 outsize=3922 ok=1
Cmd: preprocessCompute
  insize=3783 outsize=3787 ok=1
Cmd: preprocess
  insize=4405 outsize=1085 ok=1
Cmd: preprocess
  insize=978 outsize=231 ok=1
Cmd: preprocess
  insize=1637 outsize=638 ok=1
Cmd: preprocessCompute
  insize=28573 outsize=28593 ok=1
Cmd: preprocessCompute
  insize=2551 outsize=2557 ok=1
Cmd: preprocessCompute
  insize=3910 outsize=3916 ok=1
Cmd: preprocess
  insize=28082 outsize=17265 ok=1
Cmd: preprocessCompute
  insize=1201 outsize=1207 ok=1
Cmd: preprocess
  insize=428 outsize=428 ok=1
Cmd: preprocess
  insize=4286 outsize=558 ok=1
Cmd: preprocess
  insize=6639 outsize=2823 ok=1
Cmd: preprocessCompute
  insize=12171 outsize=12177 ok=1
Cmd: preprocess
  insize=4178 outsize=709 ok=1
Cmd: preprocessCompute
  insize=1971 outsize=1977 ok=1
Cmd: preprocessCompute
  insize=6047 outsize=6051 ok=1
Cmd: preprocess
  insize=1966 outsize=588 ok=1
Cmd: preprocess
  insize=2724 outsize=1368 ok=1
Cmd: preprocess
  insize=1414 outsize=393 ok=1
Cmd: preprocessCompute
  insize=3708 outsize=3714 ok=1
Cmd: preprocess
  insize=4355 outsize=856 ok=1
Cmd: preprocessCompute
  insize=3545 outsize=3549 ok=1
Cmd: preprocess
  insize=3925 outsize=1017 ok=1
Cmd: preprocess
  insize=2763 outsize=1210 ok=1
Cmd: preprocessCompute
  insize=11063 outsize=11069 ok=1
Cmd: preprocessCompute
  insize=3441 outsize=3447 ok=1
Cmd: preprocessCompute
  insize=7575 outsize=7589 ok=1
Cmd: preprocessCompute
  insize=12752 outsize=12756 ok=1
Cmd: preprocess
  insize=11666 outsize=680 ok=1
Cmd: preprocessCompute
  insize=13947 outsize=13959 ok=1
Cmd: preprocess
  insize=55505 outsize=21953 ok=1
Cmd: preprocess
  insize=7103 outsize=857 ok=1
Cmd: preprocessCompute
  insize=8776 outsize=8784 ok=1
Cmd: preprocess
  insize=983 outsize=298 ok=1
Cmd: preprocess
  insize=3580 outsize=601 ok=1
Cmd: preprocess
  insize=1740 outsize=717 ok=1
Cmd: preprocessCompute
  insize=10577 outsize=10587 ok=1
Cmd: preprocess
  insize=3207 outsize=1205 ok=1
Cmd: preprocess
  insize=18073 outsize=1480 ok=1
Cmd: preprocess
  insize=3357 outsize=406 ok=1
Cmd: preprocess
  insize=2435 outsize=304 ok=1
Cmd: preprocess
  insize=1274 outsize=496 ok=1
Cmd: preprocessCompute
  insize=1163 outsize=1165 ok=1
Cmd: preprocess
  insize=3433 outsize=1527 ok=1
Cmd: preprocess
  insize=3140 outsize=313 ok=1
Cmd: preprocess
  insize=1842 outsize=332 ok=1
Cmd: preprocess
  insize=2691 outsize=393 ok=1
Cmd: preprocess
  insize=153961 outsize=7745 ok=1
Cmd: preprocess
  insize=241167 outsize=8247 ok=1
Cmd: preprocess
  insize=370123 outsize=10853 ok=1
Cmd: preprocess
  insize=141375 outsize=5284 ok=1
Cmd: preprocess
  insize=369830 outsize=10628 ok=1
Cmd: preprocess
  insize=138000 outsize=5208 ok=1
